<?xml version="1.0" encoding="UTF-8"?>
<testsuite name="org.example.StringTransformerGroupTest" tests="2" skipped="0" failures="0" errors="0" timestamp="2022-11-16T10:26:07" hostname="MacBook-Pro-de-Beatriz-8.local" time="0.01">
  <properties/>
  <testcase name="transformerGroup()" classname="org.example.StringTransformerGroupTest" time="0.008"/>
  <testcase name="transformerComposite()" classname="org.example.StringTransformerGroupTest" time="0.001"/>
  <system-out><![CDATA[]]></system-out>
  <system-err><![CDATA[]]></system-err>
</testsuite>
