<?xml version="1.0" encoding="UTF-8"?>
<testsuite name="org.example.AlienClientTest" tests="3" skipped="0" failures="0" errors="0" timestamp="2022-11-19T00:33:47" hostname="MBPdeBeatriz8.home" time="0.011">
  <properties/>
  <testcase name="ferengiStartClosed()" classname="org.example.AlienClientTest" time="0.009"/>
  <testcase name="ferengiAlreadyOpened()" classname="org.example.AlienClientTest" time="0.0"/>
  <testcase name="romulan()" classname="org.example.AlienClientTest" time="0.001"/>
  <system-out><![CDATA[]]></system-out>
  <system-err><![CDATA[]]></system-err>
</testsuite>
